<?xml version="1.0" encoding="UTF-8"?>
<robot generator="Robot 7.2.2 (Python 3.13.2 on win32)" generated="2025-02-13T09:56:43.811390" rpa="false" schemaversion="5">
<suite id="s1" name="Tarefa Keywords" source="C:\CursoUdemy\RobotFramework\WebTesting\tarefa_keywords.robot">
<test id="s1-t1" name="Teste de Keywords 01" line="15">
<kw name="Generate Random String" owner="String">
<msg time="2025-02-13T09:56:43.845003" level="INFO">${palavra_aleatoria} = FTVrGc</msg>
<var>${palavra_aleatoria}</var>
<arg>length=6</arg>
<arg>chars=[LETTERS]</arg>
<doc>Generates a string with a desired ``length`` from the given ``chars``.</doc>
<status status="PASS" start="2025-02-13T09:56:43.844721" elapsed="0.000315"/>
</kw>
<kw name="Gerar um email customizado">
<kw name="Set Variable" owner="BuiltIn">
<msg time="2025-02-13T09:56:43.845779" level="INFO">${email} = PaulaMarFTVrGc@testerobot.com</msg>
<var>${email}</var>
<arg>${nome}${sobrenome}${palavra_aleatoria}@testerobot.com</arg>
<doc>Returns the given values which can then be assigned to a variables.</doc>
<status status="PASS" start="2025-02-13T09:56:43.845619" elapsed="0.000183"/>
</kw>
<kw name="Log To Console" owner="BuiltIn">
<arg>Email gerado: ${email}</arg>
<doc>Logs the given message to the console.</doc>
<status status="PASS" start="2025-02-13T09:56:43.845873" elapsed="0.000323"/>
</kw>
<return>
<value>${email}</value>
<status status="PASS" start="2025-02-13T09:56:43.846250" elapsed="0.000041"/>
</return>
<msg time="2025-02-13T09:56:43.846393" level="INFO">${email_gerado} = PaulaMarFTVrGc@testerobot.com</msg>
<var>${email_gerado}</var>
<arg>nome=Paula</arg>
<arg>sobrenome=Mar</arg>
<arg>palavra_aleatoria=${palavra_aleatoria}</arg>
<status status="PASS" start="2025-02-13T09:56:43.845322" elapsed="0.001087"/>
</kw>
<kw name="Log To Console" owner="BuiltIn">
<arg>Email retornado: ${email_gerado}</arg>
<doc>Logs the given message to the console.</doc>
<status status="PASS" start="2025-02-13T09:56:43.846546" elapsed="0.000282"/>
</kw>
<status status="PASS" start="2025-02-13T09:56:43.844080" elapsed="0.003035"/>
</test>
<test id="s1-t2" name="Teste de Keywords 01" line="21">
<kw name="Generate Random String" owner="String">
<msg time="2025-02-13T09:56:43.848355" level="INFO">${palavra_aleatoria} = mbNIRO</msg>
<var>${palavra_aleatoria}</var>
<arg>length=6</arg>
<arg>chars=[LETTERS]</arg>
<doc>Generates a string with a desired ``length`` from the given ``chars``.</doc>
<status status="PASS" start="2025-02-13T09:56:43.848184" elapsed="0.000195"/>
</kw>
<kw name="Gerar um email customizado">
<kw name="Set Variable" owner="BuiltIn">
<msg time="2025-02-13T09:56:43.848875" level="INFO">${email} = PaulaMarmbNIRO@testerobot.com</msg>
<var>${email}</var>
<arg>${nome}${sobrenome}${palavra_aleatoria}@testerobot.com</arg>
<doc>Returns the given values which can then be assigned to a variables.</doc>
<status status="PASS" start="2025-02-13T09:56:43.848764" elapsed="0.000128"/>
</kw>
<kw name="Log To Console" owner="BuiltIn">
<arg>Email gerado: ${email}</arg>
<doc>Logs the given message to the console.</doc>
<status status="PASS" start="2025-02-13T09:56:43.848949" elapsed="0.000252"/>
</kw>
<return>
<value>${email}</value>
<status status="PASS" start="2025-02-13T09:56:43.849255" elapsed="0.000040"/>
</return>
<msg time="2025-02-13T09:56:43.850315" level="INFO">${email_gerado} = PaulaMarmbNIRO@testerobot.com</msg>
<var>${email_gerado}</var>
<arg>nome=Paula</arg>
<arg>sobrenome=Mar</arg>
<arg>palavra_aleatoria=${palavra_aleatoria}</arg>
<status status="PASS" start="2025-02-13T09:56:43.848555" elapsed="0.001795"/>
</kw>
<kw name="Log" owner="BuiltIn">
<msg time="2025-02-13T09:56:43.851058" level="INFO">Email retornado: PaulaMarmbNIRO@testerobot.com</msg>
<arg>Email retornado: ${email_gerado}</arg>
<doc>Logs the given message with the given level.</doc>
<status status="PASS" start="2025-02-13T09:56:43.850949" elapsed="0.000138"/>
</kw>
<status status="PASS" start="2025-02-13T09:56:43.847649" elapsed="0.003577"/>
</test>
<doc>Essa suite é uma tarefa sobre KEYWORDS.</doc>
<status status="PASS" start="2025-02-13T09:56:43.812715" elapsed="0.039036"/>
</suite>
<statistics>
<total>
<stat pass="2" fail="0" skip="0">All Tests</stat>
</total>
<tag>
</tag>
<suite>
<stat name="Tarefa Keywords" id="s1" pass="2" fail="0" skip="0">Tarefa Keywords</stat>
</suite>
</statistics>
<errors>
<msg time="2025-02-13T09:56:43.808507" level="WARN">Error in file 'C:\CursoUdemy\RobotFramework\WebTesting\tarefa_keywords.robot' on line 11: The '[Return]' setting is deprecated. Use the 'RETURN' statement instead.</msg>
<msg time="2025-02-13T09:56:43.847744" level="WARN">Multiple tests with name 'Teste de Keywords 01' executed in suite 'Tarefa Keywords'.</msg>
</errors>
</robot>
